# JRE version: Java(TM) SE Runtime Environment (8.0_172-b11) (build 1.8.0_172-b11)
# Java VM: Java HotSpot(TM) 64-Bit Server VM (25.172-b11 mixed mode windows-amd64 compressed oops)
Heap:
 PSYoungGen      total 71168K, used 10044K [0x00000000d5e00000, 0x00000000dc880000, 0x0000000100000000)
  eden space 66048K, 15% used [0x00000000d5e00000,0x00000000d67cf230,0x00000000d9e80000)
  from space 5120K, 0% used [0x00000000d9e80000,0x00000000d9e80000,0x00000000da380000)
  to   space 12288K, 0% used [0x00000000dbc80000,0x00000000dbc80000,0x00000000dc880000)
 ParOldGen       total 59904K, used 16710K [0x0000000081a00000, 0x0000000085480000, 0x00000000d5e00000)
  object space 59904K, 27% used [0x0000000081a00000,0x0000000082a519f8,0x0000000085480000)
 Metaspace       used 33340K, capacity 34778K, committed 35072K, reserved 1081344K
  class space    used 4529K, capacity 4815K, committed 4864K, reserved 1048576K
GC Heap History (10 events):
Event: 9.379 GC heap before
{Heap before GC invocations=6 (full 1):
 PSYoungGen      total 57856K, used 57559K [0x00000000d5e00000, 0x00000000da880000, 0x0000000100000000)
  eden space 53248K, 100% used [0x00000000d5e00000,0x00000000d9200000,0x00000000d9200000)
  from space 4608K, 93% used [0x00000000da400000,0x00000000da835f80,0x00000000da880000)
  to   space 5120K, 0% used [0x00000000d9e80000,0x00000000d9e80000,0x00000000da380000)
 ParOldGen       total 59904K, used 8346K [0x0000000081a00000, 0x0000000085480000, 0x00000000d5e00000)
  object space 59904K, 13% used [0x0000000081a00000,0x0000000082226930,0x0000000085480000)
 Metaspace       used 27556K, capacity 29030K, committed 29184K, reserved 1075200K
  class space    used 3760K, capacity 4047K, committed 4096K, reserved 1048576K
Event: 9.404 GC heap after
Heap after GC invocations=6 (full 1):
 PSYoungGen      total 71168K, used 5108K [0x00000000d5e00000, 0x00000000dc880000, 0x0000000100000000)
  eden space 66048K, 0% used [0x00000000d5e00000,0x00000000d5e00000,0x00000000d9e80000)
  from space 5120K, 99% used [0x00000000d9e80000,0x00000000da37d040,0x00000000da380000)
  to   space 12288K, 0% used [0x00000000dbc80000,0x00000000dbc80000,0x00000000dc880000)
 ParOldGen       total 59904K, used 13860K [0x0000000081a00000, 0x0000000085480000, 0x00000000d5e00000)
  object space 59904K, 23% used [0x0000000081a00000,0x0000000082789198,0x0000000085480000)
 Metaspace       used 27556K, capacity 29030K, committed 29184K, reserved 1075200K
  class space    used 3760K, capacity 4047K, committed 4096K, reserved 1048576K
}
Event: 12.584 GC heap before
{Heap before GC invocations=7 (full 1):
 PSYoungGen      total 71168K, used 48597K [0x00000000d5e00000, 0x00000000dc880000, 0x0000000100000000)
  eden space 66048K, 65% used [0x00000000d5e00000,0x00000000d8878468,0x00000000d9e80000)
  from space 5120K, 99% used [0x00000000d9e80000,0x00000000da37d040,0x00000000da380000)
  to   space 12288K, 0% used [0x00000000dbc80000,0x00000000dbc80000,0x00000000dc880000)
 ParOldGen       total 59904K, used 13860K [0x0000000081a00000, 0x0000000085480000, 0x00000000d5e00000)
  object space 59904K, 23% used [0x0000000081a00000,0x0000000082789198,0x0000000085480000)
 Metaspace       used 32641K, capacity 34082K, committed 34176K, reserved 1083392K
  class space    used 4402K, capacity 4697K, committed 4736K, reserved 1048576K
Event: 12.611 GC heap after
Heap after GC invocations=7 (full 1):
 PSYoungGen      total 78336K, used 12266K [0x00000000d5e00000, 0x00000000dc880000, 0x0000000100000000)
  eden space 66048K, 0% used [0x00000000d5e00000,0x00000000d5e00000,0x00000000d9e80000)
  from space 12288K, 99% used [0x00000000dbc80000,0x00000000dc87a9d8,0x00000000dc880000)
  to   space 5120K, 0% used [0x00000000d9e80000,0x00000000d9e80000,0x00000000da380000)
 ParOldGen       total 59904K, used 14311K [0x0000000081a00000, 0x0000000085480000, 0x00000000d5e00000)
  object space 59904K, 23% used [0x0000000081a00000,0x00000000827f9c68,0x0000000085480000)
 Metaspace       used 32641K, capacity 34082K, committed 34176K, reserved 1083392K
  class space    used 4402K, capacity 4697K, committed 4736K, reserved 1048576K
}
Event: 12.611 GC heap before
{Heap before GC invocations=8 (full 2):
 PSYoungGen      total 78336K, used 12266K [0x00000000d5e00000, 0x00000000dc880000, 0x0000000100000000)
  eden space 66048K, 0% used [0x00000000d5e00000,0x00000000d5e00000,0x00000000d9e80000)
  from space 12288K, 99% used [0x00000000dbc80000,0x00000000dc87a9d8,0x00000000dc880000)
  to   space 5120K, 0% used [0x00000000d9e80000,0x00000000d9e80000,0x00000000da380000)
 ParOldGen       total 59904K, used 14311K [0x0000000081a00000, 0x0000000085480000, 0x00000000d5e00000)
  object space 59904K, 23% used [0x0000000081a00000,0x00000000827f9c68,0x0000000085480000)
 Metaspace       used 32641K, capacity 34082K, committed 34176K, reserved 1083392K
  class space    used 4402K, capacity 4697K, committed 4736K, reserved 1048576K
Event: 12.755 GC heap after
Heap after GC invocations=8 (full 2):
 PSYoungGen      total 78336K, used 0K [0x00000000d5e00000, 0x00000000dc880000, 0x0000000100000000)
  eden space 66048K, 0% used [0x00000000d5e00000,0x00000000d5e00000,0x00000000d9e80000)
  from space 12288K, 0% used [0x00000000dbc80000,0x00000000dbc80000,0x00000000dc880000)
  to   space 5120K, 0% used [0x00000000d9e80000,0x00000000d9e80000,0x00000000da380000)
 ParOldGen       total 59904K, used 18963K [0x0000000081a00000, 0x0000000085480000, 0x00000000d5e00000)
  object space 59904K, 31% used [0x0000000081a00000,0x0000000082c84de8,0x0000000085480000)
 Metaspace       used 32641K, capacity 34082K, committed 34176K, reserved 1081344K
  class space    used 4402K, capacity 4697K, committed 4736K, reserved 1048576K
}
Event: 12.755 GC heap before
{Heap before GC invocations=9 (full 2):
 PSYoungGen      total 78336K, used 0K [0x00000000d5e00000, 0x00000000dc880000, 0x0000000100000000)
  eden space 66048K, 0% used [0x00000000d5e00000,0x00000000d5e00000,0x00000000d9e80000)
  from space 12288K, 0% used [0x00000000dbc80000,0x00000000dbc80000,0x00000000dc880000)
  to   space 5120K, 0% used [0x00000000d9e80000,0x00000000d9e80000,0x00000000da380000)
 ParOldGen       total 59904K, used 18963K [0x0000000081a00000, 0x0000000085480000, 0x00000000d5e00000)
  object space 59904K, 31% used [0x0000000081a00000,0x0000000082c84de8,0x0000000085480000)
 Metaspace       used 32641K, capacity 34082K, committed 34176K, reserved 1085440K
  class space    used 4402K, capacity 4697K, committed 4736K, reserved 1048576K
Event: 12.758 GC heap after
Heap after GC invocations=9 (full 2):
 PSYoungGen      total 71168K, used 0K [0x00000000d5e00000, 0x00000000dc880000, 0x0000000100000000)
  eden space 66048K, 0% used [0x00000000d5e00000,0x00000000d5e00000,0x00000000d9e80000)
  from space 5120K, 0% used [0x00000000d9e80000,0x00000000d9e80000,0x00000000da380000)
  to   space 12288K, 0% used [0x00000000dbc80000,0x00000000dbc80000,0x00000000dc880000)
 ParOldGen       total 59904K, used 18963K [0x0000000081a00000, 0x0000000085480000, 0x00000000d5e00000)
  object space 59904K, 31% used [0x0000000081a00000,0x0000000082c84de8,0x0000000085480000)
 Metaspace       used 32641K, capacity 34082K, committed 34176K, reserved 1085440K
  class space    used 4402K, capacity 4697K, committed 4736K, reserved 1048576K
}
Event: 12.758 GC heap before
{Heap before GC invocations=10 (full 3):
 PSYoungGen      total 71168K, used 0K [0x00000000d5e00000, 0x00000000dc880000, 0x0000000100000000)
  eden space 66048K, 0% used [0x00000000d5e00000,0x00000000d5e00000,0x00000000d9e80000)
  from space 5120K, 0% used [0x00000000d9e80000,0x00000000d9e80000,0x00000000da380000)
  to   space 12288K, 0% used [0x00000000dbc80000,0x00000000dbc80000,0x00000000dc880000)
 ParOldGen       total 59904K, used 18963K [0x0000000081a00000, 0x0000000085480000, 0x00000000d5e00000)
  object space 59904K, 31% used [0x0000000081a00000,0x0000000082c84de8,0x0000000085480000)
 Metaspace       used 32641K, capacity 34082K, committed 34176K, reserved 1085440K
  class space    used 4402K, capacity 4697K, committed 4736K, reserved 1048576K
Event: 12.921 GC heap after
Heap after GC invocations=10 (full 3):
 PSYoungGen      total 71168K, used 0K [0x00000000d5e00000, 0x00000000dc880000, 0x0000000100000000)
  eden space 66048K, 0% used [0x00000000d5e00000,0x00000000d5e00000,0x00000000d9e80000)
  from space 5120K, 0% used [0x00000000d9e80000,0x00000000d9e80000,0x00000000da380000)
  to   space 12288K, 0% used [0x00000000dbc80000,0x00000000dbc80000,0x00000000dc880000)
 ParOldGen       total 59904K, used 16710K [0x0000000081a00000, 0x0000000085480000, 0x00000000d5e00000)
  object space 59904K, 27% used [0x0000000081a00000,0x0000000082a519f8,0x0000000085480000)
 Metaspace       used 32402K, capacity 33696K, committed 34176K, reserved 1081344K
  class space    used 4364K, capacity 4628K, committed 4736K, reserved 1048576K
}

